<?xml version="1.0" encoding="UTF-8"?>
<testsuite name="org.wallet.biz.entities.UserTest" tests="1" skipped="0" failures="0" errors="0" timestamp="2025-05-09T13:39:25" hostname="Dheerajs-MBP" time="0.428">
  <properties/>
  <testcase name="testMakePayment()" classname="org.wallet.biz.entities.UserTest" time="0.428"/>
  <system-out><![CDATA[Unable to make payment with error traceNot enough balance
]]></system-out>
  <system-err><![CDATA[]]></system-err>
</testsuite>
