<?xml version="1.0" encoding="UTF-8"?>
<testsuite name="org.bank.command.CreateAccountCommandTest" tests="1" skipped="0" failures="0" errors="0" timestamp="2025-07-22T08:52:50" hostname="Dheerajs-MBP" time="0.096">
  <properties/>
  <testcase name="testExecute()" classname="org.bank.command.CreateAccountCommandTest" time="0.096"/>
  <system-out><![CDATA[contains: true
]]></system-out>
  <system-err><![CDATA[]]></system-err>
</testsuite>
